<?xml version="1.0" encoding="UTF-8"?>
<!-- Generated by org.testng.reporters.JUnitXMLReporter -->
<testsuite hostname="PV-8" ignored="0" name="Command line test" tests="4" failures="0" timestamp="27 十二月 2020 13:55:53 GMT" time="0.032" errors="0">
  <testcase name="testCase" time="0.008" classname="test.sample.FirstTest"/>
  <testcase name="testCase1" time="0.0" classname="test.sample.FixtureTest"/>
  <testcase name="testCase2" time="0.0" classname="test.sample.FixtureTest"/>
  <testcase name="TestCase3" time="0.0" classname="test.sample.SecondTest"/>
</testsuite> <!-- Command line test -->
