<?xml version="1.0" encoding="UTF-8"?>
<testsuite xmlns:xsi="http://www.w3.org/2001/XMLSchema-instance" xsi:noNamespaceSchemaLocation="https://maven.apache.org/surefire/maven-surefire-plugin/xsd/surefire-test-report.xsd" name="TestSuite" time="0.404" tests="19" errors="0" skipped="2" failures="3">
  <properties>
[...]
</properties>
  <testcase name="testCase0" classname="test.sample.CaseRunTest" time="0.007"/>
  <testcase name="testCase1" classname="test.sample.CaseRunTest" time="0"/>
  <testcase name="testCase2" classname="test.sample.CaseRunTest" time="0"/>
  <testcase name="testAdd2" classname="test.sample.DataProviderTest" time="0"/>
  <testcase name="testAdd2" classname="test.sample.DataProviderTest" time="0"/>
  <testcase name="testAdd2" classname="test.sample.DataProviderTest" time="0.005">
    <failure message="expected:&lt;6&gt; but was:&lt;7&gt;" type="java.lang.AssertionError"><![CDATA[java.lang.AssertionError: expected:<6> but was:<7>
	at test.sample.DataProviderTest.testAdd2(DataProviderTest.java:21)
]]></failure>
  </testcase>
  <testcase name="testAdd1" classname="test.sample.DependentMethodsTest" time="0">
    <failure message="&#10;Expected exception of type class java.lang.RuntimeException but got java.lang.AssertionError: expected:&lt;3&gt; but was:&lt;4&gt;" type="org.testng.TestException"><![CDATA[org.testng.TestException: 

Expected exception of type class java.lang.RuntimeException but got java.lang.AssertionError: expected:<3> but was:<4>
	at test.sample.DependentMethodsTest.testAdd1(DependentMethodsTest.java:11)
]]></failure>
  </testcase>
  <testcase name="testAdd1" classname="test.sample.DependGroupsTest" time="0">
    <failure message="expected:&lt;5&gt; but was:&lt;4&gt;" type="java.lang.AssertionError"><![CDATA[java.lang.AssertionError: expected:<5> but was:<4>
	at test.sample.DependGroupsTest.testAdd1(DependGroupsTest.java:11)
]]></failure>
  </testcase>
  <testcase name="testAdd2" classname="test.sample.DependGroupsTest" time="0"/>
  <testcase name="testCase" classname="test.sample.FirstTest" time="0"/>
  <testcase name="testCase1" classname="test.sample.FixtureTest" time="0.001"/>
  <testcase name="testCase2" classname="test.sample.FixtureTest" time="0"/>
  <testcase name="testCase4" classname="test.sample.GroupsTest" time="0"/>
  <testcase name="testCase5" classname="test.sample.GroupsTest" time="0"/>
  <testcase name="testCase6" classname="test.sample.GroupsTest" time="0"/>
  <testcase name="testCase7" classname="test.sample.GroupsTest" time="0"/>
  <testcase name="TestCase3" classname="test.sample.SecondTest" time="0"/>
  <testcase name="testAdd2" classname="test.sample.DependentMethodsTest" time="0">
    <skipped message="Method DependentMethodsTest.testAdd2()[pri:0, instance:test.sample.DependentMethodsTest@17550481] depends on not successfully finished methods"/>
  </testcase>
  <testcase name="testAdd3" classname="test.sample.DependGroupsTest" time="0">
    <skipped message="Method DependGroupsTest.testAdd3()[pri:0, instance:test.sample.DependGroupsTest@735f7ae5] depends on not successfully finished methods in group &quot;functest&quot;"/>
  </testcase>
</testsuite>