<?xml version="1.0" encoding="UTF-8"?>
<testng-results skipped="0" failed="0" ignored="0" total="2" passed="2">
  <reporter-output>
  </reporter-output>
  <suite name="Default Suite" duration-ms="29" started-at="2020-12-31T15:34:49Z" finished-at="2020-12-31T15:34:49Z">
    <groups>
    </groups>
    <test name="TestProject1" duration-ms="29" started-at="2020-12-31T15:34:49Z" finished-at="2020-12-31T15:34:49Z">
      <class name="test.sample.FixtureTest">
        <test-method status="PASS" signature="beforeClass()[pri:0, instance:test.sample.FixtureTest@2eee9593]" name="beforeClass" is-config="true" duration-ms="10" started-at="2020-12-31T15:34:49Z" finished-at="2020-12-31T15:34:49Z">
          <reporter-output>
          </reporter-output>
        </test-method> <!-- beforeClass -->
        <test-method status="PASS" signature="beforeMethod()[pri:0, instance:test.sample.FixtureTest@2eee9593]" name="beforeMethod" is-config="true" duration-ms="1" started-at="2020-12-31T15:34:49Z" finished-at="2020-12-31T15:34:49Z">
          <reporter-output>
          </reporter-output>
        </test-method> <!-- beforeMethod -->
        <test-method status="PASS" signature="testCase1()[pri:0, instance:test.sample.FixtureTest@2eee9593]" name="testCase1" duration-ms="1" started-at="2020-12-31T15:34:49Z" finished-at="2020-12-31T15:34:49Z">
          <reporter-output>
          </reporter-output>
        </test-method> <!-- testCase1 -->
        <test-method status="PASS" signature="afterMethod()[pri:0, instance:test.sample.FixtureTest@2eee9593]" name="afterMethod" is-config="true" duration-ms="0" started-at="2020-12-31T15:34:49Z" finished-at="2020-12-31T15:34:49Z">
          <reporter-output>
          </reporter-output>
        </test-method> <!-- afterMethod -->
        <test-method status="PASS" signature="beforeMethod()[pri:0, instance:test.sample.FixtureTest@2eee9593]" name="beforeMethod" is-config="true" duration-ms="0" started-at="2020-12-31T15:34:49Z" finished-at="2020-12-31T15:34:49Z">
          <reporter-output>
          </reporter-output>
        </test-method> <!-- beforeMethod -->
        <test-method status="PASS" signature="afterMethod()[pri:0, instance:test.sample.FixtureTest@2eee9593]" name="afterMethod" is-config="true" duration-ms="1" started-at="2020-12-31T15:34:49Z" finished-at="2020-12-31T15:34:49Z">
          <reporter-output>
          </reporter-output>
        </test-method> <!-- afterMethod -->
        <test-method status="PASS" signature="testCase2()[pri:0, instance:test.sample.FixtureTest@2eee9593]" name="testCase2" duration-ms="0" started-at="2020-12-31T15:34:49Z" finished-at="2020-12-31T15:34:49Z">
          <reporter-output>
          </reporter-output>
        </test-method> <!-- testCase2 -->
        <test-method status="PASS" signature="afterClass()[pri:0, instance:test.sample.FixtureTest@2eee9593]" name="afterClass" is-config="true" duration-ms="0" started-at="2020-12-31T15:34:49Z" finished-at="2020-12-31T15:34:49Z">
          <reporter-output>
          </reporter-output>
        </test-method> <!-- afterClass -->
      </class> <!-- test.sample.FixtureTest -->
    </test> <!-- TestProject1 -->
  </suite> <!-- Default Suite -->
</testng-results>
